# JRE version: OpenJDK Runtime Environment Temurin-21.0.6+7 (21.0.6+7) (build 21.0.6+7-LTS)
# Java VM: OpenJDK 64-Bit Server VM Temurin-21.0.6+7 (21.0.6+7-LTS, mixed mode, emulated-client, sharing, tiered, compressed oops, compressed class ptrs, g1 gc, windows-amd64)
GC Precious Log:
 CardTable entry size: 512
 Card Set container configuration: InlinePtr #cards 4 size 8 Array Of Cards #cards 16 size 48 Howl #buckets 8 coarsen threshold 3686 Howl Bitmap #cards 512 size 80 coarsen threshold 460 Card regions per heap region 1 cards per card region 4096
 CPUs: 8 total, 8 available
 Memory: 12121M
 Large Page Support: Disabled
 NUMA Support: Disabled
 Compressed Oops: Enabled (Zero based)
 Heap Region Size: 2M
 Heap Min Capacity: 8M
 Heap Initial Capacity: 190M
 Heap Max Capacity: 3032M
 Pre-touch: Disabled
 Parallel Workers: 8
 Concurrent Workers: 2
 Concurrent Refinement Workers: 8
 Periodic GC: Disabled
Heap:
 garbage-first heap   total 83968K, used 64019K [0x0000000742800000, 0x0000000800000000)
  region size 2048K, 17 young (34816K), 2 survivors (4096K)
 Metaspace       used 78844K, committed 79680K, reserved 1179648K
  class space    used 10928K, committed 11328K, reserved 1048576K
GC Heap History (20 events):
Event: 4404.725 GC heap after
{Heap after GC invocations=39 (full 0):
 garbage-first heap   total 83968K, used 37552K [0x0000000742800000, 0x0000000800000000)
  region size 2048K, 2 young (4096K), 2 survivors (4096K)
 Metaspace       used 78370K, committed 79552K, reserved 1179648K
  class space    used 10830K, committed 11264K, reserved 1048576K
}
Event: 5167.278 GC heap before
{Heap before GC invocations=39 (full 0):
 garbage-first heap   total 83968K, used 70320K [0x0000000742800000, 0x0000000800000000)
  region size 2048K, 18 young (36864K), 2 survivors (4096K)
 Metaspace       used 78372K, committed 79552K, reserved 1179648K
  class space    used 10830K, committed 11264K, reserved 1048576K
}
Event: 5167.294 GC heap after
{Heap after GC invocations=40 (full 0):
 garbage-first heap   total 83968K, used 35167K [0x0000000742800000, 0x0000000800000000)
  region size 2048K, 2 young (4096K), 2 survivors (4096K)
 Metaspace       used 78372K, committed 79552K, reserved 1179648K
  class space    used 10830K, committed 11264K, reserved 1048576K
}
Event: 6144.674 GC heap before
{Heap before GC invocations=40 (full 0):
 garbage-first heap   total 83968K, used 72031K [0x0000000742800000, 0x0000000800000000)
  region size 2048K, 20 young (40960K), 2 survivors (4096K)
 Metaspace       used 78372K, committed 79552K, reserved 1179648K
  class space    used 10830K, committed 11264K, reserved 1048576K
}
Event: 6144.692 GC heap after
{Heap after GC invocations=41 (full 0):
 garbage-first heap   total 83968K, used 34844K [0x0000000742800000, 0x0000000800000000)
  region size 2048K, 2 young (4096K), 2 survivors (4096K)
 Metaspace       used 78372K, committed 79552K, reserved 1179648K
  class space    used 10830K, committed 11264K, reserved 1048576K
}
Event: 7051.027 GC heap before
{Heap before GC invocations=42 (full 0):
 garbage-first heap   total 83968K, used 71708K [0x0000000742800000, 0x0000000800000000)
  region size 2048K, 20 young (40960K), 2 survivors (4096K)
 Metaspace       used 78372K, committed 79552K, reserved 1179648K
  class space    used 10830K, committed 11264K, reserved 1048576K
}
Event: 7051.043 GC heap after
{Heap after GC invocations=43 (full 0):
 garbage-first heap   total 83968K, used 34979K [0x0000000742800000, 0x0000000800000000)
  region size 2048K, 2 young (4096K), 2 survivors (4096K)
 Metaspace       used 78372K, committed 79552K, reserved 1179648K
  class space    used 10830K, committed 11264K, reserved 1048576K
}
Event: 7974.537 GC heap before
{Heap before GC invocations=43 (full 0):
 garbage-first heap   total 83968K, used 71843K [0x0000000742800000, 0x0000000800000000)
  region size 2048K, 20 young (40960K), 2 survivors (4096K)
 Metaspace       used 78374K, committed 79552K, reserved 1179648K
  class space    used 10831K, committed 11264K, reserved 1048576K
}
Event: 7974.545 GC heap after
{Heap after GC invocations=44 (full 0):
 garbage-first heap   total 83968K, used 34457K [0x0000000742800000, 0x0000000800000000)
  region size 2048K, 2 young (4096K), 2 survivors (4096K)
 Metaspace       used 78374K, committed 79552K, reserved 1179648K
  class space    used 10831K, committed 11264K, reserved 1048576K
}
Event: 8932.800 GC heap before
{Heap before GC invocations=44 (full 0):
 garbage-first heap   total 83968K, used 71321K [0x0000000742800000, 0x0000000800000000)
  region size 2048K, 20 young (40960K), 2 survivors (4096K)
 Metaspace       used 78374K, committed 79552K, reserved 1179648K
  class space    used 10831K, committed 11264K, reserved 1048576K
}
Event: 8932.809 GC heap after
{Heap after GC invocations=45 (full 0):
 garbage-first heap   total 83968K, used 34406K [0x0000000742800000, 0x0000000800000000)
  region size 2048K, 2 young (4096K), 2 survivors (4096K)
 Metaspace       used 78374K, committed 79552K, reserved 1179648K
  class space    used 10831K, committed 11264K, reserved 1048576K
}
Event: 18499.694 GC heap before
{Heap before GC invocations=46 (full 0):
 garbage-first heap   total 83968K, used 71270K [0x0000000742800000, 0x0000000800000000)
  region size 2048K, 20 young (40960K), 2 survivors (4096K)
 Metaspace       used 78450K, committed 79552K, reserved 1179648K
  class space    used 10846K, committed 11264K, reserved 1048576K
}
Event: 18499.705 GC heap after
{Heap after GC invocations=47 (full 0):
 garbage-first heap   total 83968K, used 34795K [0x0000000742800000, 0x0000000800000000)
  region size 2048K, 2 young (4096K), 2 survivors (4096K)
 Metaspace       used 78450K, committed 79552K, reserved 1179648K
  class space    used 10846K, committed 11264K, reserved 1048576K
}
Event: 19418.908 GC heap before
{Heap before GC invocations=47 (full 0):
 garbage-first heap   total 83968K, used 69611K [0x0000000742800000, 0x0000000800000000)
  region size 2048K, 20 young (40960K), 2 survivors (4096K)
 Metaspace       used 78450K, committed 79552K, reserved 1179648K
  class space    used 10846K, committed 11264K, reserved 1048576K
}
Event: 19418.920 GC heap after
{Heap after GC invocations=48 (full 0):
 garbage-first heap   total 83968K, used 34098K [0x0000000742800000, 0x0000000800000000)
  region size 2048K, 2 young (4096K), 2 survivors (4096K)
 Metaspace       used 78450K, committed 79552K, reserved 1179648K
  class space    used 10846K, committed 11264K, reserved 1048576K
}
Event: 19760.967 GC heap before
{Heap before GC invocations=48 (full 0):
 garbage-first heap   total 83968K, used 50482K [0x0000000742800000, 0x0000000800000000)
  region size 2048K, 11 young (22528K), 2 survivors (4096K)
 Metaspace       used 78667K, committed 79616K, reserved 1179648K
  class space    used 10896K, committed 11264K, reserved 1048576K
}
Event: 19761.217 GC heap after
{Heap after GC invocations=49 (full 1):
 garbage-first heap   total 83968K, used 28265K [0x0000000742800000, 0x0000000800000000)
  region size 2048K, 0 young (0K), 0 survivors (0K)
 Metaspace       used 78596K, committed 79616K, reserved 1179648K
  class space    used 10882K, committed 11264K, reserved 1048576K
}
Event: 19762.732 GC heap before
{Heap before GC invocations=49 (full 1):
 garbage-first heap   total 83968K, used 71273K [0x0000000742800000, 0x0000000800000000)
  region size 2048K, 21 young (43008K), 0 survivors (0K)
 Metaspace       used 78751K, committed 79680K, reserved 1179648K
  class space    used 10913K, committed 11328K, reserved 1048576K
}
Event: 19762.740 GC heap after
{Heap after GC invocations=50 (full 1):
 garbage-first heap   total 83968K, used 33299K [0x0000000742800000, 0x0000000800000000)
  region size 2048K, 3 young (6144K), 3 survivors (6144K)
 Metaspace       used 78751K, committed 79680K, reserved 1179648K
  class space    used 10913K, committed 11328K, reserved 1048576K
}
Event: 22370.228 GC heap before
{Heap before GC invocations=51 (full 1):
 garbage-first heap   total 83968K, used 61971K [0x0000000742800000, 0x0000000800000000)
  region size 2048K, 18 young (36864K), 3 survivors (6144K)
 Metaspace       used 78844K, committed 79680K, reserved 1179648K
  class space    used 10928K, committed 11328K, reserved 1048576K
}

